<?xml version="1.0" encoding="UTF-8"?>
<!-- Generated by org.testng.reporters.JUnitReportReporter -->
<testsuite hostname="DESKTOP-Q248DRA" failures="0" tests="1" name="vTiger.Practice.PropertyfilePractice" time="0.050" errors="0" timestamp="2023-04-02T11:51:56 IST" skipped="0">
  <testcase classname="vTiger.Practice.PropertyfilePractice" name="Properties_file" time="0.050"/>
  <system-out/>
</testsuite> <!-- vTiger.Practice.PropertyfilePractice -->
