<?xml version="1.0" encoding="UTF-8"?>
<!-- Generated by org.testng.reporters.JUnitReportReporter -->
<testsuite hostname="DESKTOP-Q248DRA" failures="0" tests="1" name="vTiger.Practice.ReadDataFromCmdLine" time="0.041" errors="0" timestamp="2023-04-26T08:34:13 IST" skipped="0">
  <testcase classname="vTiger.Practice.ReadDataFromCmdLine" name="readData" time="0.041"/>
  <system-out/>
</testsuite> <!-- vTiger.Practice.ReadDataFromCmdLine -->
