<?xml version="1.0" encoding="UTF-8"?>
<!-- Generated by org.testng.reporters.JUnitReportReporter -->
<testsuite hostname="DESKTOP-Q248DRA" failures="0" tests="3" name="vTiger.Practice.DataProviderPractice" time="0.070" errors="0" timestamp="2023-04-13T07:21:53 IST" skipped="0">
  <testcase classname="vTiger.Practice.DataProviderPractice" name="sampleTest" time="0.027"/>
  <system-out/>
  <testcase classname="vTiger.Practice.DataProviderPractice" name="sampleTest" time="0.003"/>
  <system-out/>
  <testcase classname="vTiger.Practice.DataProviderPractice" name="sampleTest" time="0.040"/>
  <system-out/>
</testsuite> <!-- vTiger.Practice.DataProviderPractice -->
