<?xml version="1.0" encoding="UTF-8"?>
<!-- Generated by org.testng.reporters.JUnitReportReporter -->
<testsuite hostname="DESKTOP-Q248DRA" failures="0" tests="1" name="vTiger.Practice.AssertionPractice" time="0.046" errors="0" timestamp="2023-04-17T07:36:58 IST" skipped="0">
  <testcase classname="vTiger.Practice.AssertionPractice" name="assertPractice" time="0.046"/>
  <system-out/>
</testsuite> <!-- vTiger.Practice.AssertionPractice -->
