<?xml version="1.0" encoding="UTF-8"?>
<!-- Generated by org.testng.reporters.JUnitReportReporter -->
<testsuite hostname="DESKTOP-Q248DRA" failures="0" tests="5" name="vTiger.Practice.DataProvidePractice" time="0.089" errors="0" timestamp="2023-04-13T07:37:29 IST" skipped="0">
  <testcase classname="vTiger.Practice.DataProvidePractice" name="sampleTest" time="0.020"/>
  <system-out/>
  <testcase classname="vTiger.Practice.DataProvidePractice" name="sampleTest" time="0.012"/>
  <system-out/>
  <testcase classname="vTiger.Practice.DataProvidePractice" name="sampleTest" time="0.019"/>
  <system-out/>
  <testcase classname="vTiger.Practice.DataProvidePractice" name="sampleTest" time="0.029"/>
  <system-out/>
  <testcase classname="vTiger.Practice.DataProvidePractice" name="sampleTest" time="0.009"/>
  <system-out/>
</testsuite> <!-- vTiger.Practice.DataProvidePractice -->
