<?xml version="1.0" encoding="UTF-8"?>
<!-- Generated by org.testng.reporters.JUnitReportReporter -->
<testsuite hostname="DESKTOP-Q248DRA" failures="0" tests="5" name="vTiger.OrganizationsTests.CreateMultipleOrgWithIndustryTest" time="445.343" errors="0" timestamp="2023-04-13T09:21:30 IST" skipped="0">
  <testcase classname="vTiger.OrganizationsTests.CreateMultipleOrgWithIndustryTest" name="createMultipleOrgTest" time="60.092"/>
  <system-out/>
  <testcase classname="vTiger.OrganizationsTests.CreateMultipleOrgWithIndustryTest" name="createMultipleOrgTest" time="61.589"/>
  <system-out/>
  <testcase classname="vTiger.OrganizationsTests.CreateMultipleOrgWithIndustryTest" name="createMultipleOrgTest" time="61.254"/>
  <system-out/>
  <testcase classname="vTiger.OrganizationsTests.CreateMultipleOrgWithIndustryTest" name="createMultipleOrgTest" time="66.677"/>
  <system-out/>
  <testcase classname="vTiger.OrganizationsTests.CreateMultipleOrgWithIndustryTest" name="createMultipleOrgTest" time="195.731"/>
  <system-out/>
</testsuite> <!-- vTiger.OrganizationsTests.CreateMultipleOrgWithIndustryTest -->
