<?xml version="1.0" encoding="UTF-8"?>
<!-- Generated by org.testng.reporters.JUnitReportReporter -->
<testsuite hostname="DESKTOP-Q248DRA" failures="0" tests="3" name="vTiger.Practice.TestNGPractice" time="0.194" errors="0" timestamp="2023-04-14T07:19:18 IST" skipped="0">
  <testcase classname="vTiger.Practice.TestNGPractice" name="createUser" time="0.090"/>
  <system-out/>
  <testcase classname="vTiger.Practice.TestNGPractice" name="deleteUser" time="0.093"/>
  <system-out/>
  <testcase classname="vTiger.Practice.TestNGPractice" name="modifyUser" time="0.011"/>
  <system-out/>
</testsuite> <!-- vTiger.Practice.TestNGPractice -->
