<?xml version="1.0" encoding="UTF-8"?>
<!-- Generated by org.testng.reporters.JUnitReportReporter -->
<testsuite hostname="DESKTOP-Q248DRA" failures="0" tests="1" name="vTiger.OrganizationsTests.CreateNewOrganizationTest" time="170.739" errors="0" timestamp="2023-05-04T07:47:22 IST" skipped="0">
  <testcase classname="vTiger.OrganizationsTests.CreateNewOrganizationTest" name="createNewOrgTest" time="170.739"/>
  <system-out/>
</testsuite> <!-- vTiger.OrganizationsTests.CreateNewOrganizationTest -->
